<?xml version="1.0" encoding="UTF-8"?>
<testsuite xmlns:xsi="http://www.w3.org/2001/XMLSchema-instance" xsi:noNamespaceSchemaLocation="https://maven.apache.org/surefire/maven-surefire-plugin/xsd/surefire-test-report.xsd" name="MyTest" time="7.445" tests="23" errors="0" skipped="0" failures="0">
  <properties>
    <property name="sun.desktop" value="windows"/>
    <property name="awt.toolkit" value="sun.awt.windows.WToolkit"/>
    <property name="file.encoding.pkg" value="sun.io"/>
    <property name="java.specification.version" value="1.8"/>
    <property name="sun.cpu.isalist" value="amd64"/>
    <property name="sun.jnu.encoding" value="Cp1252"/>
    <property name="java.class.path" value="C:\Users\nguye\Downloads\study\Courses\CS342\Projects\PJ2\JavaFX_MavenTemplate\target\test-classes;C:\Users\nguye\Downloads\study\Courses\CS342\Projects\PJ2\JavaFX_MavenTemplate\target\classes;C:\Users\nguye\.m2\repository\org\junit\jupiter\junit-jupiter\5.6.2\junit-jupiter-5.6.2.jar;C:\Users\nguye\.m2\repository\org\junit\jupiter\junit-jupiter-api\5.6.2\junit-jupiter-api-5.6.2.jar;C:\Users\nguye\.m2\repository\org\apiguardian\apiguardian-api\1.1.0\apiguardian-api-1.1.0.jar;C:\Users\nguye\.m2\repository\org\opentest4j\opentest4j\1.2.0\opentest4j-1.2.0.jar;C:\Users\nguye\.m2\repository\org\junit\platform\junit-platform-commons\1.6.2\junit-platform-commons-1.6.2.jar;C:\Users\nguye\.m2\repository\org\junit\jupiter\junit-jupiter-params\5.6.2\junit-jupiter-params-5.6.2.jar;C:\Users\nguye\.m2\repository\org\junit\jupiter\junit-jupiter-engine\5.6.2\junit-jupiter-engine-5.6.2.jar;C:\Users\nguye\.m2\repository\org\junit\platform\junit-platform-engine\1.6.2\junit-platform-engine-1.6.2.jar;C:\Users\nguye\.m2\repository\org\openjfx\javafx-controls\12.0.1\javafx-controls-12.0.1.jar;C:\Users\nguye\.m2\repository\org\openjfx\javafx-controls\12.0.1\javafx-controls-12.0.1-win.jar;C:\Users\nguye\.m2\repository\org\openjfx\javafx-graphics\12.0.1\javafx-graphics-12.0.1.jar;C:\Users\nguye\.m2\repository\org\openjfx\javafx-graphics\12.0.1\javafx-graphics-12.0.1-win.jar;C:\Users\nguye\.m2\repository\org\openjfx\javafx-base\12.0.1\javafx-base-12.0.1.jar;C:\Users\nguye\.m2\repository\org\openjfx\javafx-base\12.0.1\javafx-base-12.0.1-win.jar;C:\Users\nguye\.m2\repository\org\openjfx\javafx-fxml\12\javafx-fxml-12.jar;C:\Users\nguye\.m2\repository\org\openjfx\javafx-fxml\12\javafx-fxml-12-win.jar;"/>
    <property name="java.vm.vendor" value="Oracle Corporation"/>
    <property name="sun.arch.data.model" value="64"/>
    <property name="user.variant" value=""/>
    <property name="java.vendor.url" value="http://java.oracle.com/"/>
    <property name="user.timezone" value="America/Chicago"/>
    <property name="java.vm.specification.version" value="1.8"/>
    <property name="os.name" value="Windows 10"/>
    <property name="user.country" value="US"/>
    <property name="sun.java.launcher" value="SUN_STANDARD"/>
    <property name="sun.boot.library.path" value="C:\Program Files\Java\jdk1.8.0_261\jre\bin"/>
    <property name="sun.java.command" value="C:\Users\nguye\AppData\Local\Temp\surefire194614504443820232\surefirebooter8793522776368323702.jar C:\Users\nguye\AppData\Local\Temp\surefire194614504443820232 2020-10-17T14-30-49_787-jvmRun1 surefire7055485399211456283tmp surefire_01663809825632101364tmp"/>
    <property name="surefire.test.class.path" value="C:\Users\nguye\Downloads\study\Courses\CS342\Projects\PJ2\JavaFX_MavenTemplate\target\test-classes;C:\Users\nguye\Downloads\study\Courses\CS342\Projects\PJ2\JavaFX_MavenTemplate\target\classes;C:\Users\nguye\.m2\repository\org\junit\jupiter\junit-jupiter\5.6.2\junit-jupiter-5.6.2.jar;C:\Users\nguye\.m2\repository\org\junit\jupiter\junit-jupiter-api\5.6.2\junit-jupiter-api-5.6.2.jar;C:\Users\nguye\.m2\repository\org\apiguardian\apiguardian-api\1.1.0\apiguardian-api-1.1.0.jar;C:\Users\nguye\.m2\repository\org\opentest4j\opentest4j\1.2.0\opentest4j-1.2.0.jar;C:\Users\nguye\.m2\repository\org\junit\platform\junit-platform-commons\1.6.2\junit-platform-commons-1.6.2.jar;C:\Users\nguye\.m2\repository\org\junit\jupiter\junit-jupiter-params\5.6.2\junit-jupiter-params-5.6.2.jar;C:\Users\nguye\.m2\repository\org\junit\jupiter\junit-jupiter-engine\5.6.2\junit-jupiter-engine-5.6.2.jar;C:\Users\nguye\.m2\repository\org\junit\platform\junit-platform-engine\1.6.2\junit-platform-engine-1.6.2.jar;C:\Users\nguye\.m2\repository\org\openjfx\javafx-controls\12.0.1\javafx-controls-12.0.1.jar;C:\Users\nguye\.m2\repository\org\openjfx\javafx-controls\12.0.1\javafx-controls-12.0.1-win.jar;C:\Users\nguye\.m2\repository\org\openjfx\javafx-graphics\12.0.1\javafx-graphics-12.0.1.jar;C:\Users\nguye\.m2\repository\org\openjfx\javafx-graphics\12.0.1\javafx-graphics-12.0.1-win.jar;C:\Users\nguye\.m2\repository\org\openjfx\javafx-base\12.0.1\javafx-base-12.0.1.jar;C:\Users\nguye\.m2\repository\org\openjfx\javafx-base\12.0.1\javafx-base-12.0.1-win.jar;C:\Users\nguye\.m2\repository\org\openjfx\javafx-fxml\12\javafx-fxml-12.jar;C:\Users\nguye\.m2\repository\org\openjfx\javafx-fxml\12\javafx-fxml-12-win.jar;"/>
    <property name="sun.cpu.endian" value="little"/>
    <property name="user.home" value="C:\Users\nguye"/>
    <property name="user.language" value="en"/>
    <property name="java.specification.vendor" value="Oracle Corporation"/>
    <property name="java.home" value="C:\Program Files\Java\jdk1.8.0_261\jre"/>
    <property name="basedir" value="C:\Users\nguye\Downloads\study\Courses\CS342\Projects\PJ2\JavaFX_MavenTemplate"/>
    <property name="file.separator" value="\"/>
    <property name="line.separator" value="&#10;"/>
    <property name="java.vm.specification.vendor" value="Oracle Corporation"/>
    <property name="java.specification.name" value="Java Platform API Specification"/>
    <property name="java.awt.graphicsenv" value="sun.awt.Win32GraphicsEnvironment"/>
    <property name="surefire.real.class.path" value="C:\Users\nguye\AppData\Local\Temp\surefire194614504443820232\surefirebooter8793522776368323702.jar"/>
    <property name="sun.boot.class.path" value="C:\Program Files\Java\jdk1.8.0_261\jre\lib\resources.jar;C:\Program Files\Java\jdk1.8.0_261\jre\lib\rt.jar;C:\Program Files\Java\jdk1.8.0_261\jre\lib\sunrsasign.jar;C:\Program Files\Java\jdk1.8.0_261\jre\lib\jsse.jar;C:\Program Files\Java\jdk1.8.0_261\jre\lib\jce.jar;C:\Program Files\Java\jdk1.8.0_261\jre\lib\charsets.jar;C:\Program Files\Java\jdk1.8.0_261\jre\lib\jfr.jar;C:\Program Files\Java\jdk1.8.0_261\jre\classes"/>
    <property name="user.script" value=""/>
    <property name="sun.management.compiler" value="HotSpot 64-Bit Tiered Compilers"/>
    <property name="java.runtime.version" value="1.8.0_261-b12"/>
    <property name="user.name" value="nguye"/>
    <property name="path.separator" value=";"/>
    <property name="os.version" value="10.0"/>
    <property name="java.endorsed.dirs" value="C:\Program Files\Java\jdk1.8.0_261\jre\lib\endorsed"/>
    <property name="java.runtime.name" value="Java(TM) SE Runtime Environment"/>
    <property name="file.encoding" value="Cp1252"/>
    <property name="java.vm.name" value="Java HotSpot(TM) 64-Bit Server VM"/>
    <property name="localRepository" value="C:\Users\nguye\.m2\repository"/>
    <property name="java.vendor.url.bug" value="http://bugreport.sun.com/bugreport/"/>
    <property name="java.io.tmpdir" value="C:\Users\nguye\AppData\Local\Temp\"/>
    <property name="java.version" value="1.8.0_261"/>
    <property name="user.dir" value="C:\Users\nguye\Downloads\study\Courses\CS342\Projects\PJ2\JavaFX_MavenTemplate"/>
    <property name="os.arch" value="amd64"/>
    <property name="java.vm.specification.name" value="Java Virtual Machine Specification"/>
    <property name="java.awt.printerjob" value="sun.awt.windows.WPrinterJob"/>
    <property name="sun.os.patch.level" value=""/>
    <property name="java.library.path" value="C:\Program Files\Java\jdk1.8.0_261\jre\bin;C:\WINDOWS\Sun\Java\bin;C:\WINDOWS\system32;C:\WINDOWS;C:/Program Files/Java/jre1.8.0_261/bin/server;C:/Program Files/Java/jre1.8.0_261/bin;C:/Program Files/Java/jre1.8.0_261/lib/amd64;C:\Program Files (x86)\Common Files\Oracle\Java\javapath;C:\Python27\;C:\WINDOWS\system32;C:\WINDOWS;C:\WINDOWS\System32\Wbem;C:\WINDOWS\System32\WindowsPowerShell\v1.0\;C:\WINDOWS\System32\OpenSSH\;C:\Program Files\PuTTY\;C:\Program Files\Maven\apache-maven-3.6.3-bin\apache-maven-3.6.3\bin;C:\Program Files\Git\cmd;C:\Windows\System32\OpenSSH;C:\Program Files\Java\jdk1.8.0_261\bin;C:\Program Files\dotnet\;C:\Program Files (x86)\dotnet;;C:\Program Files\Docker\Docker\resources\bin;C:\ProgramData\DockerDesktop\version-bin;C:\Program Files\MySQL\MySQL Shell 8.0\bin\;C:\Users\nguye\AppData\Local\Microsoft\WindowsApps;C:\Users\nguye\AppData\Local\Programs\Microsoft VS Code\bin;C:\Program Files\mingw-w64\x86_64-8.1.0-posix-seh-rt_v6-rev0\mingw64\bin;C:\Users\nguye\AppData\Local\Microsoft\WindowsApps;C:\Users\nguye\go\bin;C:\Users\nguye\.dotnet\tools;C:\Users\nguye\Desktop;;."/>
    <property name="java.vm.info" value="mixed mode"/>
    <property name="java.vendor" value="Oracle Corporation"/>
    <property name="java.vm.version" value="25.261-b12"/>
    <property name="java.ext.dirs" value="C:\Program Files\Java\jdk1.8.0_261\jre\lib\ext;C:\WINDOWS\Sun\Java\lib\ext"/>
    <property name="sun.io.unicode.encoding" value="UnicodeLittle"/>
    <property name="java.class.version" value="52.0"/>
  </properties>
  <testcase name="getUserNumbersTest" classname="MyTest" time="0.068"/>
  <testcase name="constructorTest" classname="MyTest" time="0"/>
  <testcase name="getPrizeTest" classname="MyTest" time="0.004"/>
  <testcase name="getMatchedNumbersTest" classname="MyTest" time="0.001"/>
  <testcase name="setNumSpotTest" classname="MyTest" time="0.002"/>
  <testcase name="getTotalPrizeTest" classname="MyTest" time="0.002"/>
  <testcase name="drawTest" classname="MyTest" time="0.002"/>
  <testcase name="clearUserNumbers" classname="MyTest" time="0.002"/>
  <testcase name="setNumDrawTest" classname="MyTest" time="0.002"/>
  <testcase name="getDrawnNumbersTest" classname="MyTest" time="0.002"/>
  <testcase name="matchTest" classname="MyTest" time="0.002"/>
  <testcase name="quickPickTest" classname="MyTest" time="0.003"/>
  <testcase name="getNumSpotTest" classname="MyTest" time="0.002"/>
  <testcase name="removeUserNumberTest" classname="MyTest" time="0.003"/>
  <testcase name="prizeTest1" classname="MyTest" time="0.002"/>
  <testcase name="prizeTest2" classname="MyTest" time="0.008"/>
  <testcase name="prizeTest3" classname="MyTest" time="0.773"/>
  <testcase name="prizeTest4" classname="MyTest" time="6.489"/>
  <testcase name="getNumDrawTest" classname="MyTest" time="0.001"/>
  <testcase name="resetTest" classname="MyTest" time="0.001"/>
  <testcase name="addUserNumberTest1" classname="MyTest" time="0.001"/>
  <testcase name="addUserNumberTest2" classname="MyTest" time="0.001"/>
  <testcase name="addUserNumberTest3" classname="MyTest" time="0"/>
</testsuite>